<?xml version="1.0" encoding="UTF-8"?>
<!-- Generated by org.testng.reporters.JUnitReportReporter -->
<testsuite hostname="DESKTOP-DPN39UA" failures="0" tests="1" name="com.cjc.MTtestMaven21_4_22.MavMTTestTestNG" time="5.374" errors="0" timestamp="2022-04-21T13:14:32 IST" skipped="0">
  <testcase classname="com.cjc.MTtestMaven21_4_22.MavMTTestTestNG" name="fMtt01" time="5.374"/>
  <system-out/>
</testsuite> <!-- com.cjc.MTtestMaven21_4_22.MavMTTestTestNG -->
